<?xml version="1.0" encoding="UTF-8"?>
<!-- Generated by org.testng.reporters.JUnitXMLReporter -->
<testsuite hostname="ShakilKhansMBP3.home" name="Default test" tests="3" failures="0" timestamp="13 Feb 2015 16:16:58 GMT" time="9.394" errors="0">
  <testcase name="testSentMailPage" time="6.607" classname="com.framework.tests.GmailSentMailPageTest"/>
  <testcase name="testSentMailLink" time="2.714" classname="com.framework.tests.GmailSentMailPageTest"/>
  <testcase name="testTotalNoOfEmail" time="0.055" classname="com.framework.tests.GmailSentMailPageTest"/>
</testsuite> <!-- Default test -->
